{"C:\\Proyectos\\pruebaAPINode\\index.js": {"path":"C:\\Proyectos\\pruebaAPINode\\index.js","statementMap":{"0":{"start":{"line":15,"column":16},"end":{"line":15,"column":34}},"1":{"start":{"line":21,"column":15},"end":{"line":21,"column":32}},"2":{"start":{"line":27,"column":21},"end":{"line":27,"column":45}},"3":{"start":{"line":33,"column":15},"end":{"line":33,"column":32}},"4":{"start":{"line":35,"column":19},"end":{"line":35,"column":42}},"5":{"start":{"line":36,"column":16},"end":{"line":36,"column":47}},"6":{"start":{"line":37,"column":37},"end":{"line":37,"column":60}},"7":{"start":{"line":39,"column":12},"end":{"line":39,"column":21}},"8":{"start":{"line":40,"column":0},"end":{"line":40,"column":18}},"9":{"start":{"line":41,"column":0},"end":{"line":41,"column":40}},"10":{"start":{"line":42,"column":0},"end":{"line":42,"column":24}},"11":{"start":{"line":43,"column":0},"end":{"line":43,"column":49}},"12":{"start":{"line":44,"column":0},"end":{"line":44,"column":37}},"13":{"start":{"line":46,"column":0},"end":{"line":46,"column":36}},"14":{"start":{"line":49,"column":0},"end":{"line":59,"column":3}},"15":{"start":{"line":51,"column":1},"end":{"line":51,"column":36}},"16":{"start":{"line":52,"column":1},"end":{"line":52,"column":55}},"17":{"start":{"line":54,"column":1},"end":{"line":54,"column":36}},"18":{"start":{"line":57,"column":1},"end":{"line":57,"column":33}},"19":{"start":{"line":58,"column":1},"end":{"line":58,"column":21}},"20":{"start":{"line":60,"column":0},"end":{"line":60,"column":17}},"21":{"start":{"line":62,"column":0},"end":{"line":62,"column":42}}},"fnMap":{"0":{"name":"(anonymous_0)","decl":{"start":{"line":49,"column":8},"end":{"line":49,"column":9}},"loc":{"start":{"line":49,"column":29},"end":{"line":59,"column":1}},"line":49}},"branchMap":{"0":{"loc":{"start":{"line":52,"column":20},"end":{"line":52,"column":54}},"type":"cond-expr","locations":[{"start":{"line":52,"column":44},"end":{"line":52,"column":49}},{"start":{"line":52,"column":52},"end":{"line":52,"column":54}}],"line":52},"1":{"loc":{"start":{"line":57,"column":12},"end":{"line":57,"column":31}},"type":"binary-expr","locations":[{"start":{"line":57,"column":12},"end":{"line":57,"column":24}},{"start":{"line":57,"column":28},"end":{"line":57,"column":31}}],"line":57}},"s":{"0":0,"1":0,"2":0,"3":0,"4":0,"5":0,"6":0,"7":0,"8":0,"9":0,"10":0,"11":0,"12":0,"13":0,"14":0,"15":0,"16":0,"17":0,"18":0,"19":0,"20":0,"21":0},"f":{"0":0},"b":{"0":[0,0],"1":[0,0]},"hash":"7d33659eaece5788129cc05e96c7b2f405bd3235"}
,"C:\\Proyectos\\pruebaAPINode\\app\\config.js": {"path":"C:\\Proyectos\\pruebaAPINode\\app\\config.js","statementMap":{"0":{"start":{"line":6,"column":0},"end":{"line":6,"column":31}},"1":{"start":{"line":9,"column":0},"end":{"line":9,"column":35}},"2":{"start":{"line":12,"column":0},"end":{"line":12,"column":58}},"3":{"start":{"line":18,"column":0},"end":{"line":18,"column":41}}},"fnMap":{},"branchMap":{},"s":{"0":1,"1":1,"2":1,"3":1},"f":{},"b":{},"_coverageSchema":"43e27e138ebf9cfc5966b082cf9a028302ed4184","hash":"b010a7e571d03d222b3925c26cac6c12657172dd"}
,"C:\\Proyectos\\pruebaAPINode\\app\\controllers\\auth.js": {"path":"C:\\Proyectos\\pruebaAPINode\\app\\controllers\\auth.js","statementMap":{"0":{"start":{"line":5,"column":25},"end":{"line":5,"column":45}},"1":{"start":{"line":16,"column":0},"end":{"line":26,"column":2}},"2":{"start":{"line":17,"column":31},"end":{"line":17,"column":34}},"3":{"start":{"line":19,"column":1},"end":{"line":23,"column":2}},"4":{"start":{"line":20,"column":2},"end":{"line":22,"column":44}},"5":{"start":{"line":25,"column":1},"end":{"line":25,"column":8}}},"fnMap":{"0":{"name":"(anonymous_0)","decl":{"start":{"line":16,"column":20},"end":{"line":16,"column":21}},"loc":{"start":{"line":16,"column":40},"end":{"line":26,"column":1}},"line":16}},"branchMap":{"0":{"loc":{"start":{"line":19,"column":1},"end":{"line":23,"column":2}},"type":"if","locations":[{"start":{"line":19,"column":1},"end":{"line":23,"column":2}},{"start":{"line":19,"column":1},"end":{"line":23,"column":2}}],"line":19}},"s":{"0":0,"1":0,"2":0,"3":0,"4":0,"5":0},"f":{"0":0},"b":{"0":[0,0]},"hash":"7921c750dae0f672fb2a341c96da118e7186ae16"}
,"C:\\Proyectos\\pruebaAPINode\\app\\controllers\\db.js": {"path":"C:\\Proyectos\\pruebaAPINode\\app\\controllers\\db.js","statementMap":{"0":{"start":{"line":12,"column":24},"end":{"line":12,"column":42}},"1":{"start":{"line":13,"column":29},"end":{"line":13,"column":49}},"2":{"start":{"line":25,"column":0},"end":{"line":29,"column":2}},"3":{"start":{"line":26,"column":16},"end":{"line":26,"column":77}},"4":{"start":{"line":27,"column":1},"end":{"line":27,"column":25}},"5":{"start":{"line":28,"column":1},"end":{"line":28,"column":11}},"6":{"start":{"line":39,"column":0},"end":{"line":49,"column":2}},"7":{"start":{"line":40,"column":1},"end":{"line":42,"column":2}},"8":{"start":{"line":41,"column":2},"end":{"line":41,"column":35}},"9":{"start":{"line":43,"column":20},"end":{"line":43,"column":45}},"10":{"start":{"line":45,"column":1},"end":{"line":47,"column":2}},"11":{"start":{"line":46,"column":2},"end":{"line":46,"column":56}},"12":{"start":{"line":48,"column":1},"end":{"line":48,"column":19}}},"fnMap":{"0":{"name":"(anonymous_0)","decl":{"start":{"line":25,"column":22},"end":{"line":25,"column":23}},"loc":{"start":{"line":25,"column":34},"end":{"line":29,"column":1}},"line":25},"1":{"name":"(anonymous_1)","decl":{"start":{"line":39,"column":24},"end":{"line":39,"column":25}},"loc":{"start":{"line":39,"column":44},"end":{"line":49,"column":1}},"line":39}},"branchMap":{"0":{"loc":{"start":{"line":40,"column":1},"end":{"line":42,"column":2}},"type":"if","locations":[{"start":{"line":40,"column":1},"end":{"line":42,"column":2}},{"start":{"line":40,"column":1},"end":{"line":42,"column":2}}],"line":40},"1":{"loc":{"start":{"line":45,"column":1},"end":{"line":47,"column":2}},"type":"if","locations":[{"start":{"line":45,"column":1},"end":{"line":47,"column":2}},{"start":{"line":45,"column":1},"end":{"line":47,"column":2}}],"line":45}},"s":{"0":1,"1":1,"2":1,"3":0,"4":0,"5":0,"6":1,"7":0,"8":0,"9":0,"10":0,"11":0,"12":0},"f":{"0":0,"1":0},"b":{"0":[0,0],"1":[0,0]},"_coverageSchema":"43e27e138ebf9cfc5966b082cf9a028302ed4184","hash":"7b5931ccd61401c64894335d051b78c11e624887"}
,"C:\\Proyectos\\pruebaAPINode\\app\\controllers\\product.js": {"path":"C:\\Proyectos\\pruebaAPINode\\app\\controllers\\product.js","statementMap":{"0":{"start":{"line":4,"column":26},"end":{"line":4,"column":54}},"1":{"start":{"line":5,"column":29},"end":{"line":5,"column":32}},"2":{"start":{"line":6,"column":30},"end":{"line":6,"column":33}},"3":{"start":{"line":19,"column":0},"end":{"line":36,"column":2}},"4":{"start":{"line":20,"column":1},"end":{"line":35,"column":2}},"5":{"start":{"line":21,"column":28},"end":{"line":21,"column":38}},"6":{"start":{"line":23,"column":19},"end":{"line":23,"column":50}},"7":{"start":{"line":24,"column":17},"end":{"line":24,"column":56}},"8":{"start":{"line":26,"column":2},"end":{"line":30,"column":3}},"9":{"start":{"line":27,"column":3},"end":{"line":29,"column":57}},"10":{"start":{"line":32,"column":2},"end":{"line":32,"column":58}},"11":{"start":{"line":34,"column":2},"end":{"line":34,"column":67}},"12":{"start":{"line":49,"column":0},"end":{"line":65,"column":2}},"13":{"start":{"line":50,"column":1},"end":{"line":64,"column":2}},"14":{"start":{"line":51,"column":28},"end":{"line":51,"column":38}},"15":{"start":{"line":52,"column":19},"end":{"line":52,"column":50}},"16":{"start":{"line":54,"column":17},"end":{"line":54,"column":54}},"17":{"start":{"line":56,"column":2},"end":{"line":60,"column":3}},"18":{"start":{"line":57,"column":3},"end":{"line":59,"column":62}},"19":{"start":{"line":61,"column":2},"end":{"line":61,"column":19}},"20":{"start":{"line":63,"column":2},"end":{"line":63,"column":67}},"21":{"start":{"line":78,"column":0},"end":{"line":92,"column":2}},"22":{"start":{"line":79,"column":1},"end":{"line":91,"column":2}},"23":{"start":{"line":80,"column":24},"end":{"line":80,"column":26}},"24":{"start":{"line":81,"column":16},"end":{"line":81,"column":58}},"25":{"start":{"line":82,"column":19},"end":{"line":82,"column":50}},"26":{"start":{"line":84,"column":19},"end":{"line":86,"column":13}},"27":{"start":{"line":88,"column":2},"end":{"line":88,"column":21}},"28":{"start":{"line":90,"column":2},"end":{"line":90,"column":67}},"29":{"start":{"line":107,"column":0},"end":{"line":130,"column":2}},"30":{"start":{"line":108,"column":1},"end":{"line":129,"column":2}},"31":{"start":{"line":109,"column":37},"end":{"line":109,"column":45}},"32":{"start":{"line":110,"column":19},"end":{"line":110,"column":50}},"33":{"start":{"line":112,"column":18},"end":{"line":116,"column":3}},"34":{"start":{"line":118,"column":17},"end":{"line":118,"column":50}},"35":{"start":{"line":120,"column":2},"end":{"line":124,"column":3}},"36":{"start":{"line":121,"column":3},"end":{"line":123,"column":43}},"37":{"start":{"line":126,"column":2},"end":{"line":126,"column":24}},"38":{"start":{"line":128,"column":2},"end":{"line":128,"column":67}},"39":{"start":{"line":147,"column":0},"end":{"line":171,"column":2}},"40":{"start":{"line":148,"column":1},"end":{"line":170,"column":2}},"41":{"start":{"line":149,"column":37},"end":{"line":149,"column":45}},"42":{"start":{"line":150,"column":28},"end":{"line":150,"column":38}},"43":{"start":{"line":151,"column":18},"end":{"line":151,"column":56}},"44":{"start":{"line":151,"column":53},"end":{"line":151,"column":55}},"45":{"start":{"line":153,"column":19},"end":{"line":153,"column":50}},"46":{"start":{"line":155,"column":17},"end":{"line":159,"column":3}},"47":{"start":{"line":161,"column":2},"end":{"line":165,"column":3}},"48":{"start":{"line":162,"column":3},"end":{"line":164,"column":57}},"49":{"start":{"line":167,"column":2},"end":{"line":167,"column":32}},"50":{"start":{"line":169,"column":2},"end":{"line":169,"column":67}},"51":{"start":{"line":182,"column":18},"end":{"line":182,"column":49}},"52":{"start":{"line":184,"column":16},"end":{"line":188,"column":2}},"53":{"start":{"line":190,"column":1},"end":{"line":190,"column":31}}},"fnMap":{"0":{"name":"(anonymous_0)","decl":{"start":{"line":19,"column":24},"end":{"line":19,"column":25}},"loc":{"start":{"line":19,"column":49},"end":{"line":36,"column":1}},"line":19},"1":{"name":"(anonymous_1)","decl":{"start":{"line":49,"column":21},"end":{"line":49,"column":22}},"loc":{"start":{"line":49,"column":46},"end":{"line":65,"column":1}},"line":49},"2":{"name":"(anonymous_2)","decl":{"start":{"line":78,"column":22},"end":{"line":78,"column":23}},"loc":{"start":{"line":78,"column":47},"end":{"line":92,"column":1}},"line":78},"3":{"name":"(anonymous_3)","decl":{"start":{"line":107,"column":22},"end":{"line":107,"column":23}},"loc":{"start":{"line":107,"column":47},"end":{"line":130,"column":1}},"line":107},"4":{"name":"(anonymous_4)","decl":{"start":{"line":147,"column":21},"end":{"line":147,"column":22}},"loc":{"start":{"line":147,"column":46},"end":{"line":171,"column":1}},"line":147},"5":{"name":"(anonymous_5)","decl":{"start":{"line":151,"column":47},"end":{"line":151,"column":48}},"loc":{"start":{"line":151,"column":53},"end":{"line":151,"column":55}},"line":151},"6":{"name":"getNextId","decl":{"start":{"line":181,"column":15},"end":{"line":181,"column":24}},"loc":{"start":{"line":181,"column":33},"end":{"line":191,"column":1}},"line":181}},"branchMap":{"0":{"loc":{"start":{"line":26,"column":2},"end":{"line":30,"column":3}},"type":"if","locations":[{"start":{"line":26,"column":2},"end":{"line":30,"column":3}},{"start":{"line":26,"column":2},"end":{"line":30,"column":3}}],"line":26},"1":{"loc":{"start":{"line":56,"column":2},"end":{"line":60,"column":3}},"type":"if","locations":[{"start":{"line":56,"column":2},"end":{"line":60,"column":3}},{"start":{"line":56,"column":2},"end":{"line":60,"column":3}}],"line":56},"2":{"loc":{"start":{"line":81,"column":25},"end":{"line":81,"column":57}},"type":"binary-expr","locations":[{"start":{"line":81,"column":25},"end":{"line":81,"column":40}},{"start":{"line":81,"column":44},"end":{"line":81,"column":57}}],"line":81},"3":{"loc":{"start":{"line":109,"column":16},"end":{"line":109,"column":32}},"type":"default-arg","locations":[{"start":{"line":109,"column":30},"end":{"line":109,"column":32}}],"line":109},"4":{"loc":{"start":{"line":120,"column":2},"end":{"line":124,"column":3}},"type":"if","locations":[{"start":{"line":120,"column":2},"end":{"line":124,"column":3}},{"start":{"line":120,"column":2},"end":{"line":124,"column":3}}],"line":120},"5":{"loc":{"start":{"line":149,"column":16},"end":{"line":149,"column":32}},"type":"default-arg","locations":[{"start":{"line":149,"column":30},"end":{"line":149,"column":32}}],"line":149},"6":{"loc":{"start":{"line":161,"column":2},"end":{"line":165,"column":3}},"type":"if","locations":[{"start":{"line":161,"column":2},"end":{"line":165,"column":3}},{"start":{"line":161,"column":2},"end":{"line":165,"column":3}}],"line":161}},"s":{"0":1,"1":1,"2":1,"3":1,"4":0,"5":0,"6":0,"7":0,"8":0,"9":0,"10":0,"11":0,"12":1,"13":0,"14":0,"15":0,"16":0,"17":0,"18":0,"19":0,"20":0,"21":1,"22":0,"23":0,"24":0,"25":0,"26":0,"27":0,"28":0,"29":1,"30":0,"31":0,"32":0,"33":0,"34":0,"35":0,"36":0,"37":0,"38":0,"39":1,"40":0,"41":0,"42":0,"43":0,"44":0,"45":0,"46":0,"47":0,"48":0,"49":0,"50":0,"51":0,"52":0,"53":0},"f":{"0":0,"1":0,"2":0,"3":0,"4":0,"5":0,"6":0},"b":{"0":[0,0],"1":[0,0],"2":[0,0],"3":[0],"4":[0,0],"5":[0],"6":[0,0]},"_coverageSchema":"43e27e138ebf9cfc5966b082cf9a028302ed4184","hash":"a5148aa4e1bc1683f8652f714897924e8481ded5"}
,"C:\\Proyectos\\pruebaAPINode\\app\\logger\\index.js": {"path":"C:\\Proyectos\\pruebaAPINode\\app\\logger\\index.js","statementMap":{"0":{"start":{"line":12,"column":45},"end":{"line":12,"column":63}},"1":{"start":{"line":14,"column":0},"end":{"line":14,"column":37}},"2":{"start":{"line":15,"column":0},"end":{"line":15,"column":27}},"3":{"start":{"line":16,"column":55},"end":{"line":16,"column":61}},"4":{"start":{"line":17,"column":50},"end":{"line":17,"column":70}},"5":{"start":{"line":19,"column":17},"end":{"line":27,"column":2}},"6":{"start":{"line":29,"column":25},"end":{"line":38,"column":2}},"7":{"start":{"line":43,"column":16},"end":{"line":49,"column":2}},"8":{"start":{"line":52,"column":0},"end":{"line":63,"column":1}},"9":{"start":{"line":53,"column":1},"end":{"line":62,"column":3}},"10":{"start":{"line":65,"column":0},"end":{"line":69,"column":2}},"11":{"start":{"line":67,"column":2},"end":{"line":67,"column":23}}},"fnMap":{"0":{"name":"(anonymous_0)","decl":{"start":{"line":66,"column":8},"end":{"line":66,"column":9}},"loc":{"start":{"line":66,"column":26},"end":{"line":68,"column":2}},"line":66}},"branchMap":{"0":{"loc":{"start":{"line":52,"column":0},"end":{"line":63,"column":1}},"type":"if","locations":[{"start":{"line":52,"column":0},"end":{"line":63,"column":1}},{"start":{"line":52,"column":0},"end":{"line":63,"column":1}}],"line":52}},"s":{"0":0,"1":0,"2":0,"3":0,"4":0,"5":0,"6":0,"7":0,"8":0,"9":0,"10":0,"11":0},"f":{"0":0},"b":{"0":[0,0]},"hash":"2b1448640b4ee2012067e7f4641503215027e675"}
,"C:\\Proyectos\\pruebaAPINode\\app\\routes\\product.js": {"path":"C:\\Proyectos\\pruebaAPINode\\app\\routes\\product.js","statementMap":{"0":{"start":{"line":18,"column":4},"end":{"line":18,"column":37}},"1":{"start":{"line":19,"column":22},"end":{"line":19,"column":52}},"2":{"start":{"line":20,"column":32},"end":{"line":20,"column":61}},"3":{"start":{"line":22,"column":19},"end":{"line":22,"column":39}},"4":{"start":{"line":23,"column":29},"end":{"line":23,"column":32}},"5":{"start":{"line":24,"column":18},"end":{"line":26,"column":2}},"6":{"start":{"line":27,"column":24},"end":{"line":27,"column":48}},"7":{"start":{"line":28,"column":23},"end":{"line":28,"column":45}},"8":{"start":{"line":29,"column":22},"end":{"line":29,"column":42}},"9":{"start":{"line":34,"column":16},"end":{"line":34,"column":60}},"10":{"start":{"line":36,"column":0},"end":{"line":36,"column":30}},"11":{"start":{"line":37,"column":0},"end":{"line":37,"column":28}},"12":{"start":{"line":38,"column":0},"end":{"line":38,"column":27}},"13":{"start":{"line":40,"column":0},"end":{"line":40,"column":54}},"14":{"start":{"line":41,"column":0},"end":{"line":41,"column":48}},"15":{"start":{"line":42,"column":0},"end":{"line":42,"column":45}},"16":{"start":{"line":43,"column":0},"end":{"line":43,"column":45}},"17":{"start":{"line":44,"column":0},"end":{"line":44,"column":63}}},"fnMap":{},"branchMap":{},"s":{"0":0,"1":0,"2":0,"3":0,"4":0,"5":0,"6":0,"7":0,"8":0,"9":0,"10":0,"11":0,"12":0,"13":0,"14":0,"15":0,"16":0,"17":0},"f":{},"b":{},"hash":"0ac413a2c2f53226c5396e5b8249687651b8b1ed"}
,"C:\\Proyectos\\pruebaAPINode\\app\\schemas\\product.js": {"path":"C:\\Proyectos\\pruebaAPINode\\app\\schemas\\product.js","statementMap":{"0":{"start":{"line":6,"column":12},"end":{"line":6,"column":32}},"1":{"start":{"line":13,"column":0},"end":{"line":17,"column":3}},"2":{"start":{"line":24,"column":0},"end":{"line":26,"column":3}},"3":{"start":{"line":40,"column":0},"end":{"line":46,"column":3}}},"fnMap":{},"branchMap":{},"s":{"0":0,"1":0,"2":0,"3":0},"f":{},"b":{},"hash":"f56b79872fa7dae33b868f53f12cf6e1f1a938c4"}
}
