TN:
SF:C:\Proyectos\Prueba\index.js
FN:49,(anonymous_0)
FNF:1
FNH:0
FNDA:0,(anonymous_0)
DA:15,0
DA:21,0
DA:27,0
DA:33,0
DA:35,0
DA:36,0
DA:37,0
DA:39,0
DA:40,0
DA:41,0
DA:42,0
DA:43,0
DA:44,0
DA:46,0
DA:49,0
DA:51,0
DA:52,0
DA:54,0
DA:57,0
DA:58,0
DA:60,0
DA:62,0
LF:22
LH:0
BRDA:52,0,0,0
BRDA:52,0,1,0
BRDA:57,1,0,0
BRDA:57,1,1,0
BRF:4
BRH:0
end_of_record
TN:
SF:C:\Proyectos\Prueba\app\config.js
FNF:0
FNH:0
DA:7,1
DA:10,1
DA:13,1
DA:16,1
DA:19,1
DA:22,1
DA:25,1
DA:31,1
LF:8
LH:8
BRDA:7,0,0,1
BRDA:7,0,1,1
BRDA:22,1,0,1
BRDA:22,1,1,1
BRDA:25,2,0,1
BRDA:25,2,1,1
BRF:6
BRH:6
end_of_record
TN:
SF:C:\Proyectos\Prueba\app\controllers\auth.js
FN:16,(anonymous_0)
FNF:1
FNH:0
FNDA:0,(anonymous_0)
DA:5,0
DA:16,0
DA:17,0
DA:19,0
DA:20,0
DA:25,0
LF:6
LH:0
BRDA:19,0,0,0
BRDA:19,0,1,0
BRF:2
BRH:0
end_of_record
TN:
SF:C:\Proyectos\Prueba\app\controllers\db.js
FN:25,(anonymous_0)
FN:39,(anonymous_1)
FNF:2
FNH:0
FNDA:0,(anonymous_0)
FNDA:0,(anonymous_1)
DA:12,1
DA:13,1
DA:25,1
DA:26,0
DA:27,0
DA:28,0
DA:39,1
DA:40,0
DA:41,0
DA:43,0
DA:45,0
DA:46,0
DA:48,0
LF:13
LH:4
BRDA:40,0,0,0
BRDA:40,0,1,0
BRDA:45,1,0,0
BRDA:45,1,1,0
BRF:4
BRH:0
end_of_record
TN:
SF:C:\Proyectos\Prueba\app\controllers\product.js
FN:19,(anonymous_0)
FN:49,(anonymous_1)
FN:78,(anonymous_2)
FN:107,(anonymous_3)
FN:147,(anonymous_4)
FN:151,(anonymous_5)
FN:181,getNextId
FNF:7
FNH:0
FNDA:0,(anonymous_0)
FNDA:0,(anonymous_1)
FNDA:0,(anonymous_2)
FNDA:0,(anonymous_3)
FNDA:0,(anonymous_4)
FNDA:0,(anonymous_5)
FNDA:0,getNextId
DA:4,1
DA:5,1
DA:6,1
DA:19,1
DA:20,0
DA:21,0
DA:23,0
DA:24,0
DA:26,0
DA:27,0
DA:32,0
DA:34,0
DA:49,1
DA:50,0
DA:51,0
DA:52,0
DA:54,0
DA:56,0
DA:57,0
DA:61,0
DA:63,0
DA:78,1
DA:79,0
DA:80,0
DA:81,0
DA:82,0
DA:84,0
DA:88,0
DA:90,0
DA:107,1
DA:108,0
DA:109,0
DA:110,0
DA:112,0
DA:118,0
DA:120,0
DA:121,0
DA:126,0
DA:128,0
DA:147,1
DA:148,0
DA:149,0
DA:150,0
DA:151,0
DA:153,0
DA:155,0
DA:161,0
DA:162,0
DA:167,0
DA:169,0
DA:182,0
DA:184,0
DA:190,0
LF:53
LH:8
BRDA:26,0,0,0
BRDA:26,0,1,0
BRDA:56,1,0,0
BRDA:56,1,1,0
BRDA:81,2,0,0
BRDA:81,2,1,0
BRDA:109,3,0,0
BRDA:120,4,0,0
BRDA:120,4,1,0
BRDA:149,5,0,0
BRDA:161,6,0,0
BRDA:161,6,1,0
BRF:12
BRH:0
end_of_record
TN:
SF:C:\Proyectos\Prueba\app\logger\index.js
FN:66,(anonymous_0)
FNF:1
FNH:0
FNDA:0,(anonymous_0)
DA:12,0
DA:14,0
DA:15,0
DA:16,0
DA:17,0
DA:19,0
DA:29,0
DA:43,0
DA:52,0
DA:53,0
DA:65,0
DA:67,0
LF:12
LH:0
BRDA:52,0,0,0
BRDA:52,0,1,0
BRF:2
BRH:0
end_of_record
TN:
SF:C:\Proyectos\Prueba\app\routes\products.js
FNF:0
FNH:0
DA:18,0
DA:19,0
DA:20,0
DA:21,0
DA:22,0
DA:23,0
DA:26,0
DA:27,0
DA:28,0
DA:35,0
DA:36,0
DA:38,0
DA:39,0
DA:40,0
DA:42,0
DA:43,0
DA:44,0
DA:45,0
DA:46,0
LF:19
LH:0
BRF:0
BRH:0
end_of_record
TN:
SF:C:\Proyectos\Prueba\app\schemas\product.js
FNF:0
FNH:0
DA:6,0
DA:13,0
DA:24,0
DA:40,0
LF:4
LH:0
BRF:0
BRH:0
end_of_record
